<?xml version="1.0" encoding="UTF-8"?>
<testsuite name="GameLoopTest" tests="27" skipped="0" failures="0" errors="0" timestamp="2026-01-05T22:15:51.949Z" hostname="Marks-MacBook-Pro.local" time="3.406">
  <properties/>
  <testcase name="cooldown expires after cooldown period()" classname="GameLoopTest" time="3.387"/>
  <testcase name="spell registry can find spell by name()" classname="GameLoopTest" time="0.002"/>
  <testcase name="victory grants experience and may trigger level up()" classname="GameLoopTest" time="0.0"/>
  <testcase name="shield absorbs damage before health()" classname="GameLoopTest" time="0.001"/>
  <testcase name="player dies when health reaches zero()" classname="GameLoopTest" time="0.0"/>
  <testcase name="excess experience carries over after level up()" classname="GameLoopTest" time="0.001"/>
  <testcase name="player can cast spell when mana and cooldown allow()" classname="GameLoopTest" time="0.0"/>
  <testcase name="player unlocks new spell on level up()" classname="GameLoopTest" time="0.0"/>
  <testcase name="player takes damage correctly()" classname="GameLoopTest" time="0.0"/>
  <testcase name="player starts with melee attack spell()" classname="GameLoopTest" time="0.0"/>
  <testcase name="experience requirement increases with each level()" classname="GameLoopTest" time="0.0"/>
  <testcase name="enemy attack damages player()" classname="GameLoopTest" time="0.002"/>
  <testcase name="experience accumulates correctly before level up()" classname="GameLoopTest" time="0.0"/>
  <testcase name="defeat resets player but keeps unlocked spells()" classname="GameLoopTest" time="0.0"/>
  <testcase name="excess damage goes through broken shield to health()" classname="GameLoopTest" time="0.0"/>
  <testcase name="multiple level ups in single experience gain()" classname="GameLoopTest" time="0.001"/>
  <testcase name="enemy dies when health reaches zero()" classname="GameLoopTest" time="0.0"/>
  <testcase name="player progress can be saved and restored()" classname="GameLoopTest" time="0.001"/>
  <testcase name="spell registry returns correct spell for level()" classname="GameLoopTest" time="0.0"/>
  <testcase name="player cannot cast spell on cooldown()" classname="GameLoopTest" time="0.0"/>
  <testcase name="player gains partial experience without leveling up()" classname="GameLoopTest" time="0.001"/>
  <testcase name="player cannot cast spell with insufficient mana()" classname="GameLoopTest" time="0.0"/>
  <testcase name="next level experience requirement scales with level()" classname="GameLoopTest" time="0.0"/>
  <testcase name="enemy is created with correct stats for level()" classname="GameLoopTest" time="0.0"/>
  <testcase name="multiple enemies can exist with same stats()" classname="GameLoopTest" time="0.0"/>
  <testcase name="player levels up after gaining enough experience()" classname="GameLoopTest" time="0.001"/>
  <testcase name="new game creates player with correct initial stats()" classname="GameLoopTest" time="0.0"/>
  <system-out><![CDATA[]]></system-out>
  <system-err><![CDATA[]]></system-err>
</testsuite>
