<?xml version="1.0" encoding="UTF-8"?>
<testsuite name="combat.CombatEngineTest" tests="18" skipped="0" failures="0" errors="0" timestamp="2026-01-05T22:15:55.357Z" hostname="Marks-MacBook-Pro.local" time="0.372">
  <properties/>
  <testcase name="runCombat adds initial combat message()" classname="combat.CombatEngineTest" time="0.301"/>
  <testcase name="melee attack is instant and synchronous()" classname="combat.CombatEngineTest" time="0.002"/>
  <testcase name="fireball has cast time and channels()" classname="combat.CombatEngineTest" time="0.003"/>
  <testcase name="shield barrier absorbs damage()" classname="combat.CombatEngineTest" time="0.001"/>
  <testcase name="castSpell with valid index and mana casts spell successfully()" classname="combat.CombatEngineTest" time="0.001"/>
  <testcase name="castSpell when not player turn shows warning()" classname="combat.CombatEngineTest" time="0.001"/>
  <testcase name="combat starts with correct initial state()" classname="combat.CombatEngineTest" time="0.0"/>
  <testcase name="castSpell with invalid index shows error()" classname="combat.CombatEngineTest" time="0.001"/>
  <testcase name="ice bolt provides lifesteal()" classname="combat.CombatEngineTest" time="0.004"/>
  <testcase name="castSpell reduces player mana()" classname="combat.CombatEngineTest" time="0.001"/>
  <testcase name="addLogMessage adds message to combat log()" classname="combat.CombatEngineTest" time="0.0"/>
  <testcase name="castSpell on cooldown shows error()" classname="combat.CombatEngineTest" time="0.002"/>
  <testcase name="castSpell with insufficient mana shows error()" classname="combat.CombatEngineTest" time="0.002"/>
  <testcase name="combat renders initial screen()" classname="combat.CombatEngineTest" time="0.036"/>
  <testcase name="lightning chain hits multiple times()" classname="combat.CombatEngineTest" time="0.004"/>
  <testcase name="combat ends when enemy dies()" classname="combat.CombatEngineTest" time="0.002"/>
  <testcase name="player death ends combat()" classname="combat.CombatEngineTest" time="0.0"/>
  <testcase name="poison cloud applies damage over time()" classname="combat.CombatEngineTest" time="0.004"/>
  <system-out><![CDATA[]]></system-out>
  <system-err><![CDATA[]]></system-err>
</testsuite>
